<?xml version="1.0" encoding="UTF-8"?>
<testsuite name="com.example.bootstrap.BootStrapApplicationTests" tests="1" skipped="0" failures="0" errors="0" timestamp="2025-01-09T14:30:36" hostname="DESKTOP-7NUSBTV" time="3.82">
  <properties/>
  <testcase name="contextLoads()" classname="com.example.bootstrap.BootStrapApplicationTests" time="3.82"/>
  <system-out><![CDATA[
  .   ____          _            __ _ _
 /\\ / ___'_ __ _ _(_)_ __  __ _ \ \ \ \
( ( )\___ | '_ | '_| | '_ \/ _` | \ \ \ \
 \\/  ___)| |_)| | | | | || (_| |  ) ) ) )
  '  |____| .__|_| |_|_| |_\__, | / / / /
 =========|_|==============|___/=/_/_/_/

 :: Spring Boot ::                (v3.3.7)

2025-01-09T23:30:31.938+09:00  INFO 27756 --- [presentation] [    Test worker] c.e.bootstrap.BootStrapApplicationTests  : Starting BootStrapApplicationTests using Java 17.0.9 with PID 27756 (started by well4 in C:\spring_work\workspace\ScheduleManagementProject\bootstrap)
2025-01-09T23:30:31.961+09:00  INFO 27756 --- [presentation] [    Test worker] c.e.bootstrap.BootStrapApplicationTests  : The following 3 profiles are active: "member-JPA", "common", "auth"
2025-01-09T23:30:33.174+09:00  INFO 27756 --- [presentation] [    Test worker] c.e.bootstrap.BootStrapApplicationTests  : Started BootStrapApplicationTests in 6.015 seconds (process running for 14.537)
]]></system-out>
  <system-err><![CDATA[]]></system-err>
</testsuite>
